[2017-02-26 08:31:26] tdiary.ERROR: The user is not logged in [] []
[2017-02-26 08:32:26] tdiary.ERROR: The user is not logged in [] []
[2017-02-26 08:33:26] tdiary.ERROR: The user is not logged in [] []
[2017-02-26 08:33:27] tdiary.ERROR: The user is not logged in [] []
[2017-02-26 08:34:02] tdiary.ERROR: The user is not logged in [] []
[2017-02-26 08:34:26] tdiary.ERROR: The user is not logged in [] []
[2017-02-26 08:35:26] tdiary.ERROR: The user is not logged in [] []
[2017-02-26 08:36:26] tdiary.ERROR: The user is not logged in [] []
[2017-02-26 08:41:35] tdiary.ERROR: SQLSTATE[42000]: Syntax error or access violation: 1064 You have an error in your SQL syntax; check the manual that corresponds to your MariaDB server version for the right syntax to use near '' at line 13 [] []
[2017-02-26 08:48:51] tdiary.ERROR: The user is not logged in [] []
[2017-02-26 08:51:03] tdiary.ERROR: User is not allowed to use this service [] []
[2017-02-26 09:14:51] tdiary.ERROR: Log in credentials are incorrect. [] []
[2017-02-26 09:14:55] tdiary.ERROR: User is not allowed to use this service [] []
[2017-02-26 09:15:06] tdiary.ERROR: User is not allowed to use this service [] []
[2017-02-26 09:17:34] tdiary.ERROR: Log in credentials are incorrect. [] []
[2017-02-26 09:18:01] tdiary.ERROR: User is not allowed to use this service [] []
[2017-02-26 09:18:12] tdiary.ERROR: User is not allowed to use this service [] []
[2017-02-26 09:27:23] tdiary.ERROR: User is not allowed to use this service [] []
[2017-02-26 09:27:48] tdiary.ERROR: User is not allowed to use this service [] []
[2017-02-26 09:43:31] tdiary.ERROR: User is not allowed to use this service [] []
[2017-02-26 09:43:41] tdiary.ERROR: User is not allowed to use this service [] []
[2017-02-26 09:44:55] tdiary.ERROR: User is not allowed to use this service [] []
[2017-02-26 09:46:25] tdiary.ERROR: User is not allowed to use this service [] []
[2017-02-26 09:49:33] tdiary.ERROR: User is not allowed to use this service [] []
[2017-02-28 01:08:21] tdiary.ERROR: File 'manual_file' is undefined [] []
[2017-02-28 01:08:40] tdiary.ERROR: File 'manual_file' is undefined [] []
[2017-02-28 01:11:27] tdiary.ERROR: File 'manual_file' is undefined [] []
[2017-02-28 04:20:44] tdiary.ERROR: File 'manual_file' is undefined [] []
[2017-02-28 04:23:32] tdiary.ERROR: File 'manual_file' is undefined [] []
[2017-02-28 04:23:57] tdiary.ERROR: File 'manual_file' is undefined [] []
[2017-02-28 04:24:12] tdiary.ERROR: File 'manual_file' is undefined [] []
[2017-02-28 04:34:25] tdiary.ERROR: File 'manual_file' is undefined [] []
[2017-02-28 08:23:15] tdiary.ERROR: User does not have the proper role. [] []
[2017-02-28 08:24:15] tdiary.ERROR: User does not have the proper role. [] []
[2017-02-28 08:25:15] tdiary.ERROR: User does not have the proper role. [] []
[2017-02-28 08:26:15] tdiary.ERROR: User does not have the proper role. [] []
[2017-02-28 08:27:15] tdiary.ERROR: User does not have the proper role. [] []
[2017-02-28 08:28:15] tdiary.ERROR: User does not have the proper role. [] []
[2017-02-28 08:29:15] tdiary.ERROR: User does not have the proper role. [] []
[2017-02-28 08:30:15] tdiary.ERROR: User does not have the proper role. [] []
[2017-02-28 08:31:15] tdiary.ERROR: User does not have the proper role. [] []
[2017-02-28 08:32:15] tdiary.ERROR: User does not have the proper role. [] []
[2017-02-28 08:33:15] tdiary.ERROR: User does not have the proper role. [] []
[2017-02-28 08:34:15] tdiary.ERROR: User does not have the proper role. [] []
[2017-02-28 08:35:15] tdiary.ERROR: User does not have the proper role. [] []
[2017-02-28 08:36:15] tdiary.ERROR: User does not have the proper role. [] []
[2017-02-28 08:37:15] tdiary.ERROR: User does not have the proper role. [] []
[2017-02-28 08:38:15] tdiary.ERROR: User does not have the proper role. [] []
[2017-02-28 08:39:15] tdiary.ERROR: User does not have the proper role. [] []
[2017-02-28 08:40:15] tdiary.ERROR: User does not have the proper role. [] []
[2017-02-28 08:41:15] tdiary.ERROR: User does not have the proper role. [] []
[2017-02-28 08:42:15] tdiary.ERROR: User does not have the proper role. [] []
[2017-02-28 08:43:15] tdiary.ERROR: User does not have the proper role. [] []
[2017-02-28 08:44:15] tdiary.ERROR: User does not have the proper role. [] []
[2017-02-28 08:45:15] tdiary.ERROR: User does not have the proper role. [] []
[2017-02-28 08:46:15] tdiary.ERROR: User does not have the proper role. [] []
[2017-02-28 08:47:15] tdiary.ERROR: User does not have the proper role. [] []
[2017-02-28 08:48:15] tdiary.ERROR: User does not have the proper role. [] []
